[18.05.2011 17:02:36]:Приложение загружено успешно
[18.05.2011 17:02:51]:D:\sms\к_оплате_yulia_6\18.05.11_yulia\Выборка_Подбаза Winston_f.xls загружен
[18.05.2011 17:02:53]:Приложение завершило работу
[18.05.2011 17:03:31]:Приложение загружено успешно
[18.05.2011 17:04:13]:D:\sms\к_оплате_yulia_6\18.05.11_yulia\Выборка_Подбаза Winston_f.xls загружен
[18.05.2011 17:04:33]:Приложение завершило работу
[18.05.2011 17:04:45]:Приложение загружено успешно
[18.05.2011 17:04:59]:D:\sms\к_оплате_yulia_6\18.05.11_yulia\Выборка_Подбаза Winston_f.xls загружен
[18.05.2011 17:05:09]:Приложение завершило работу
[18.05.2011 17:06:01]:Приложение загружено успешно
[18.05.2011 17:06:10]:D:\sms\к_оплате_yulia_6\18.05.11_yulia\Выборка_Подбаза Winston_f.xls загружен
[18.05.2011 17:07:03]:База обработана успешно! Файл = ; Записей = 2387;Параметров = 1;
[18.05.2011 17:07:13]:Приложение завершило работу
[18.05.2011 17:14:18]:Приложение загружено успешно
[18.05.2011 17:14:23]:D:\sms\к_оплате_yulia_6\18.05.11_yulia\Выборка_Подбаза Winston_f.xls загружен
[18.05.2011 17:16:01]:Приложение завершило работу
[18.05.2011 17:46:48]:Приложение загружено успешно
[18.05.2011 17:46:54]:D:\sms\к_оплате_yulia_6\18.05.11_yulia\Выборка Бренд 1_Kent_f1.xls загружен
[18.05.2011 17:47:14]:Приложение завершило работу
[18.05.2011 17:48:26]:Приложение загружено успешно
[18.05.2011 17:48:31]:D:\sms\к_оплате_yulia_6\18.05.11_yulia\Выборка Бренд 1_Kent_f1.xls загружен
[18.05.2011 17:49:47]:Приложение завершило работу
[18.05.2011 17:52:45]:Приложение загружено успешно
[18.05.2011 17:52:49]:D:\sms\к_оплате_yulia_6\18.05.11_yulia\Выборка Бренд 1_Kent_f1.xls загружен
[18.05.2011 17:52:50]:База обработана успешно! Файл = D:\sms\к_оплате_yulia_6\18.05.11_yulia\Выборка Бренд 1_Kent_f1.xls; Записей = 1;Параметров = 1;
[18.05.2011 17:53:27]:D:\sms\к_оплате_yulia_6\18.05.11_yulia\Выборка Бренд 1_Kent_f1.xls загружен
[18.05.2011 17:53:27]:База обработана успешно! Файл = D:\sms\к_оплате_yulia_6\18.05.11_yulia\Выборка Бренд 1_Kent_f1.xls; Записей = 2;Параметров = 1;
[18.05.2011 17:54:04]:D:\sms\к_оплате_yulia_6\18.05.11_yulia\Выборка Бренд 1_Kent_f1.xls загружен
[18.05.2011 17:54:04]:База обработана успешно! Файл = D:\sms\к_оплате_yulia_6\18.05.11_yulia\Выборка Бренд 1_Kent_f1.xls; Записей = 3;Параметров = 1;
[18.05.2011 17:54:21]:Приложение завершило работу
[18.05.2011 18:09:39]:Приложение загружено успешно
[18.05.2011 18:09:44]:D:\sms\к_оплате_yulia_6\18.05.11_yulia\Выборка Бренд 1_Kent_f1.xls загружен
[18.05.2011 18:09:44]:База обработана успешно! Файл = D:\sms\к_оплате_yulia_6\18.05.11_yulia\Выборка Бренд 1_Kent_f1.xls; Записей = 1;Параметров = 1;
[18.05.2011 18:09:57]:Приложение завершило работу
[19.05.2011 11:25:06]:Приложение загружено успешно
[19.05.2011 11:28:11]:D:\sms\к_оплате_yulia_6\18.05.11_yulia\test_f1.xls загружен
[19.05.2011 11:28:11]:Исключительная ситуация {ParseExcelDoc}: Object reference not set to an instance of an object.
[19.05.2011 11:28:11]:Сообщение: Object reference not set to an instance of an object.
[19.05.2011 11:28:28]:Приложение завершило работу
[19.05.2011 11:44:29]:Приложение загружено успешно
[19.05.2011 11:44:47]:D:\sms\к_оплате_yulia_6\18.05.11_yulia\test_f1.xls загружен
[19.05.2011 11:44:55]:База обработана успешно! Файл = D:\sms\к_оплате_yulia_6\18.05.11_yulia\test_f1.xls; Записей = 1;Параметров = 1;
[19.05.2011 11:45:22]:Приложение завершило работу
[19.05.2011 11:55:24]:Приложение загружено успешно
[19.05.2011 11:55:37]:Приложение завершило работу
[19.05.2011 11:56:06]:Приложение загружено успешно
[19.05.2011 11:56:32]:Приложение завершило работу
[19.05.2011 12:01:05]:Приложение загружено успешно
[19.05.2011 12:08:07]:Приложение завершило работу
[19.05.2011 13:16:59]:Приложение загружено успешно
[19.05.2011 13:55:59]:Приложение завершило работу
[19.05.2011 15:34:10]:Приложение загружено успешно
[19.05.2011 15:34:13]:Сообщение: Не заполнены все параметры подключения к серверу MySql
PR2_SMS.exe Error: 0 : Unable to connect to any of the specified MySQL hosts.
[19.05.2011 15:34:51]:Unable to connect to any of the specified MySQL hosts.
[19.05.2011 15:35:23]:Приложение завершило работу
[19.05.2011 15:35:52]:Приложение загружено успешно
[19.05.2011 15:36:10]:Приложение завершило работу
[19.05.2011 15:37:08]:Приложение загружено успешно
PR2_SMS.exe Error: 0 : Unable to connect to any of the specified MySQL hosts.
[19.05.2011 15:37:32]:Unable to connect to any of the specified MySQL hosts.
[19.05.2011 15:39:39]:Сообщение: Подключение к MySql-серверу sms-server прошло успешно
[19.05.2011 15:40:38]:Приложение завершило работу
[19.05.2011 16:06:51]:Приложение загружено успешно
[19.05.2011 16:06:52]:Приложение завершило работу
[19.05.2011 16:08:01]:Приложение загружено успешно
[19.05.2011 16:08:03]:Сообщение: Не заполнены все параметры подключения к серверу MySql
[19.05.2011 16:11:04]:Сообщение: Подключение к MySql-серверу sms-server прошло успешно
[19.05.2011 16:11:13]:Приложение завершило работу
[19.05.2011 17:55:45]:Приложение загружено успешно
[19.05.2011 17:55:54]:D:\sms\к_оплате_yulia_6\18.05.11_yulia\Выборка Бренд 1_Kent_f.xls загружен
[19.05.2011 17:56:17]:База обработана успешно! Файл = D:\sms\к_оплате_yulia_6\18.05.11_yulia\Выборка Бренд 1_Kent_f.xls; Записей = 3582;Параметров = 1;
[19.05.2011 17:56:30]:Сообщение: Не заполнены все параметры подключения к серверу MySql
[19.05.2011 17:56:40]:Подключение к MySql-серверу sms-server прошло успешно
[19.05.2011 17:58:05]:Приложение завершило работу
[19.05.2011 17:58:33]:Приложение загружено успешно
[19.05.2011 17:58:50]:Приложение завершило работу
[20.05.2011 12:48:54]:Приложение загружено успешно
[20.05.2011 12:49:13]:D:\sms\к_оплате_yulia_6\18.05.11_yulia_test\Выборка_Подбаза Winston_f.xls загружен
[20.05.2011 12:49:15]:База обработана успешно! Файл = D:\sms\к_оплате_yulia_6\18.05.11_yulia_test\Выборка_Подбаза Winston_f.xls; Записей = 244;Параметров = 1;
[20.05.2011 12:49:29]:Приложение завершило работу
[20.05.2011 12:49:50]:Приложение загружено успешно
[20.05.2011 12:49:58]:D:\sms\к_оплате_yulia_6\18.05.11_yulia_test\Выборка_Подбаза Winston.xls загружен
[20.05.2011 12:52:05]:База обработана успешно! Файл = D:\sms\к_оплате_yulia_6\18.05.11_yulia_test\Выборка_Подбаза Winston.xls; Записей = 20801;Параметров = 1;
[20.05.2011 12:52:24]:Приложение завершило работу
[20.05.2011 12:52:36]:Приложение загружено успешно
[20.05.2011 12:52:50]:Сообщение: Не заполнены все параметры подключения к серверу MySql
[20.05.2011 12:53:08]:Подключение к MySql-серверу sms-server прошло успешно
[20.05.2011 12:54:57]:Приложение завершило работу
[20.05.2011 14:22:06]:Приложение загружено успешно
[20.05.2011 14:22:23]:Подключение к MySql-серверу sms-server прошло успешно
[20.05.2011 14:30:04]:Приложение завершило работу
[20.05.2011 14:36:38]:Приложение загружено успешно
[20.05.2011 14:36:50]:D:\sms\к_оплате_yulia_6\18.05.11_yulia_test\Выборка_Подбаза Winston.xls загружен
[20.05.2011 14:39:06]:База обработана успешно! Файл = D:\sms\к_оплате_yulia_6\18.05.11_yulia_test\Выборка_Подбаза Winston.xls; Записей = 20801;Параметров = 1;
[20.05.2011 14:39:33]:Приложение завершило работу
[20.05.2011 14:39:43]:Приложение загружено успешно
[20.05.2011 14:40:10]:Подключение к MySql-серверу sms-server прошло успешно
[20.05.2011 14:41:56]:Приложение завершило работу
[20.05.2011 14:50:22]:Приложение загружено успешно
[20.05.2011 14:50:38]:Приложение завершило работу
[20.05.2011 14:51:01]:Приложение загружено успешно
[20.05.2011 14:52:28]:Приложение завершило работу
[20.05.2011 14:53:35]:Приложение загружено успешно
[20.05.2011 14:53:44]:Приложение завершило работу
[20.05.2011 14:54:22]:Приложение загружено успешно
[20.05.2011 14:54:48]:Приложение завершило работу
[20.05.2011 15:13:08]:Приложение загружено успешно
[20.05.2011 15:13:30]:Приложение завершило работу
[20.05.2011 15:14:30]:Приложение загружено успешно
[20.05.2011 15:14:38]:Приложение завершило работу
[20.05.2011 15:14:57]:Приложение загружено успешно
[20.05.2011 15:15:09]:Приложение завершило работу
[20.05.2011 15:24:10]:Приложение загружено успешно
[20.05.2011 15:24:12]:Приложение завершило работу
[20.05.2011 15:24:27]:Приложение загружено успешно
[20.05.2011 15:25:26]:Приложение завершило работу
[20.05.2011 15:26:28]:Приложение загружено успешно
[20.05.2011 15:26:47]:Приложение завершило работу
[20.05.2011 15:29:59]:Приложение загружено успешно
[20.05.2011 15:30:05]:Приложение завершило работу
[20.05.2011 15:30:28]:Приложение загружено успешно
[20.05.2011 15:30:38]:Приложение завершило работу
[20.05.2011 15:34:44]:Приложение загружено успешно
[20.05.2011 15:35:02]:Приложение завершило работу
[20.05.2011 15:35:33]:Приложение загружено успешно
[20.05.2011 15:35:39]:Приложение завершило работу
[20.05.2011 15:42:05]:Приложение загружено успешно
[20.05.2011 15:42:13]:Приложение завершило работу
[20.05.2011 15:46:57]:Приложение загружено успешно
[20.05.2011 15:47:09]:Приложение завершило работу
[20.05.2011 15:49:10]:Приложение загружено успешно
[20.05.2011 15:49:13]:Приложение завершило работу
[20.05.2011 16:09:07]:Приложение загружено успешно
[20.05.2011 16:09:28]:Приложение завершило работу
[20.05.2011 16:10:11]:Приложение загружено успешно
[20.05.2011 16:10:28]:Приложение завершило работу
[20.05.2011 16:14:01]:Приложение загружено успешно
[20.05.2011 16:14:54]:Приложение завершило работу
[20.05.2011 16:19:24]:Приложение загружено успешно
[20.05.2011 16:19:32]:Подключение к MySql-серверу sms-server прошло успешно
[20.05.2011 16:20:13]:Приложение завершило работу
[22.05.2011 23:12:44]:Приложение загружено успешно
[22.05.2011 23:12:47]:Приложение завершило работу
[22.05.2011 23:15:05]:Приложение загружено успешно
[22.05.2011 23:15:13]:D:\work\pr2\test1.xls загружен
[22.05.2011 23:15:13]:База обработана успешно! Файл = D:\work\pr2\test1.xls; Записей = 16;Параметров = 1;
[22.05.2011 23:15:31]:Сообщение: Не заполнены все параметры подключения к серверу MySql
[22.05.2011 23:15:38]:Приложение завершило работу
[22.05.2011 23:16:06]:Приложение загружено успешно
[22.05.2011 23:16:17]:D:\work\pr2\test1.xls загружен
[22.05.2011 23:16:17]:База обработана успешно! Файл = D:\work\pr2\test1.xls; Записей = 16;Параметров = 1;
[22.05.2011 23:16:41]:Приложение завершило работу
[31.10.2012 22:19:08]:Приложение загружено успешно
[31.10.2012 22:19:18]:Приложение завершило работу
[02.12.2012 20:49:53]:Приложение загружено успешно
[02.12.2012 20:51:50]:D:\для рассылки.xlsx загружен
[02.12.2012 20:51:51]:База обработана успешно! Файл = D:\для рассылки.xlsx; Записей = 215;Параметров = 0;
[02.12.2012 20:52:07]:Приложение завершило работу
[02.12.2012 20:52:14]:Приложение загружено успешно
[02.12.2012 20:52:26]:Приложение завершило работу
[02.12.2012 20:55:40]:Приложение загружено успешно
[02.12.2012 20:55:59]:D:\для рассылки.xlsx загружен
[02.12.2012 20:55:59]:База обработана успешно! Файл = D:\для рассылки.xlsx; Записей = 215;Параметров = 0;
[02.12.2012 20:56:50]:Приложение завершило работу
[12.12.2012 23:32:41]:Приложение загружено успешно
[12.12.2012 23:32:59]:Сообщение: Не заполнены все параметры подключения к серверу MySql
[12.12.2012 23:34:29]:Подключение к MySql-серверу localhost прошло успешно
[12.12.2012 23:35:30]:Подключение к MySql-серверу localhost прошло успешно
[12.12.2012 23:35:37]:Приложение завершило работу
[12.12.2012 23:41:20]:Приложение загружено успешно
[12.12.2012 23:43:54]:Приложение завершило работу
[12.12.2012 23:59:38]:Приложение загружено успешно
[12.12.2012 23:59:47]:Подключение к MySql-серверу localhost прошло успешно
[13.12.2012 0:02:19]:Приложение завершило работу
[13.12.2012 0:02:32]:Приложение загружено успешно
[13.12.2012 0:02:42]:Подключение к MySql-серверу localhost прошло успешно
[13.12.2012 0:02:56]:Приложение завершило работу
[13.12.2012 0:03:06]:Приложение загружено успешно
[13.12.2012 0:03:12]:Подключение к MySql-серверу localhost прошло успешно
[13.12.2012 0:03:20]:Приложение завершило работу
[13.12.2012 0:03:26]:Приложение загружено успешно
[13.12.2012 0:03:32]:Подключение к MySql-серверу localhost прошло успешно
[13.12.2012 0:03:41]:Приложение завершило работу
[13.12.2012 0:03:51]:Приложение загружено успешно
[13.12.2012 0:03:55]:Подключение к MySql-серверу localhost прошло успешно
[13.12.2012 0:05:18]:Приложение завершило работу
[13.12.2012 0:05:25]:Приложение загружено успешно
[13.12.2012 0:05:31]:Подключение к MySql-серверу localhost прошло успешно
[13.12.2012 0:05:42]:Приложение завершило работу
[13.12.2012 0:12:12]:Приложение загружено успешно
[13.12.2012 0:12:19]:Подключение к MySql-серверу localhost прошло успешно
[13.12.2012 0:14:04]:Приложение завершило работу
[13.12.2012 0:25:36]:Приложение загружено успешно
[13.12.2012 0:25:39]:Подключение к MySql-серверу localhost прошло успешно
[13.12.2012 0:25:57]:Приложение завершило работу
[13.12.2012 0:29:21]:Приложение загружено успешно
[13.12.2012 0:29:27]:Подключение к MySql-серверу localhost прошло успешно
[13.12.2012 0:29:49]:Приложение завершило работу
[13.12.2012 0:45:27]:Приложение загружено успешно
[13.12.2012 0:45:34]:Подключение к MySql-серверу localhost прошло успешно
[13.12.2012 0:45:58]:Приложение завершило работу
[13.12.2012 0:49:29]:Приложение загружено успешно
[13.12.2012 0:49:34]:Подключение к MySql-серверу localhost прошло успешно
[13.12.2012 0:52:12]:Приложение завершило работу
[13.12.2012 0:52:18]:Приложение загружено успешно
[13.12.2012 0:52:29]:Подключение к MySql-серверу localhost прошло успешно
[13.12.2012 0:53:26]:Приложение завершило работу
[13.12.2012 0:54:57]:Приложение загружено успешно
[13.12.2012 0:55:06]:Приложение завершило работу
[13.12.2012 0:55:18]:Приложение загружено успешно
[13.12.2012 0:55:25]:Подключение к MySql-серверу localhost прошло успешно
[13.12.2012 0:55:40]:Приложение завершило работу
[13.12.2012 0:56:27]:Приложение загружено успешно
[13.12.2012 0:56:35]:Подключение к MySql-серверу localhost прошло успешно
[13.12.2012 0:56:57]:Приложение завершило работу
[13.12.2012 0:59:08]:Приложение загружено успешно
[13.12.2012 0:59:27]:Приложение завершило работу
[13.12.2012 0:59:44]:Приложение загружено успешно
[13.12.2012 1:00:02]:Приложение завершило работу
